# JRE version: OpenJDK Runtime Environment (8.0_152-b01) (build 1.8.0_152-release-1248-b01)
# Java VM: OpenJDK 64-Bit Server VM (25.152-b01 mixed mode linux-amd64 compressed oops)
Heap:
 PSYoungGen      total 425472K, used 0K [0x00000000d6d00000, 0x0000000100000000, 0x0000000100000000)
  eden space 200704K, 0% used [0x00000000d6d00000,0x00000000d6d00000,0x00000000e3100000)
  from space 224768K, 0% used [0x00000000e3100000,0x00000000e3100000,0x00000000f0c80000)
  to   space 224768K, 0% used [0x00000000f2480000,0x00000000f2480000,0x0000000100000000)
 ParOldGen       total 723968K, used 700079K [0x0000000084600000, 0x00000000b0900000, 0x00000000d6d00000)
  object space 723968K, 96% used [0x0000000084600000,0x00000000af1abd88,0x00000000b0900000)
 Metaspace       used 3332K, capacity 4564K, committed 4864K, reserved 1056768K
  class space    used 354K, capacity 388K, committed 512K, reserved 1048576K
GC Heap History (10 events):
Event: 5.437 GC heap after
Heap after GC invocations=13 (full 3):
 PSYoungGen      total 339968K, used 125143K [0x00000000d6d00000, 0x00000000f7c80000, 0x0000000100000000)
  eden space 155648K, 0% used [0x00000000d6d00000,0x00000000d6d00000,0x00000000e0500000)
  from space 184320K, 67% used [0x00000000ec080000,0x00000000f3ab5c60,0x00000000f7480000)
  to   space 192000K, 0% used [0x00000000e0500000,0x00000000e0500000,0x00000000ec080000)
 ParOldGen       total 461312K, used 337402K [0x0000000084600000, 0x00000000a0880000, 0x00000000d6d00000)
  object space 461312K, 73% used [0x0000000084600000,0x0000000098f7eab0,0x00000000a0880000)
 Metaspace       used 3332K, capacity 4564K, committed 4864K, reserved 1056768K
  class space    used 354K, capacity 388K, committed 512K, reserved 1048576K
}
Event: 5.530 GC heap before
{Heap before GC invocations=14 (full 3):
 PSYoungGen      total 339968K, used 280791K [0x00000000d6d00000, 0x00000000f7c80000, 0x0000000100000000)
  eden space 155648K, 100% used [0x00000000d6d00000,0x00000000e0500000,0x00000000e0500000)
  from space 184320K, 67% used [0x00000000ec080000,0x00000000f3ab5c60,0x00000000f7480000)
  to   space 192000K, 0% used [0x00000000e0500000,0x00000000e0500000,0x00000000ec080000)
 ParOldGen       total 461312K, used 337402K [0x0000000084600000, 0x00000000a0880000, 0x00000000d6d00000)
  object space 461312K, 73% used [0x0000000084600000,0x0000000098f7eab0,0x00000000a0880000)
 Metaspace       used 3332K, capacity 4564K, committed 4864K, reserved 1056768K
  class space    used 354K, capacity 388K, committed 512K, reserved 1048576K
Event: 5.678 GC heap after
Heap after GC invocations=14 (full 3):
 PSYoungGen      total 347648K, used 191991K [0x00000000d6d00000, 0x00000000fe800000, 0x0000000100000000)
  eden space 155648K, 0% used [0x00000000d6d00000,0x00000000d6d00000,0x00000000e0500000)
  from space 192000K, 99% used [0x00000000e0500000,0x00000000ec07dc60,0x00000000ec080000)
  to   space 224768K, 0% used [0x00000000f0c80000,0x00000000f0c80000,0x00000000fe800000)
 ParOldGen       total 461312K, used 353786K [0x0000000084600000, 0x00000000a0880000, 0x00000000d6d00000)
  object space 461312K, 76% used [0x0000000084600000,0x0000000099f7eab0,0x00000000a0880000)
 Metaspace       used 3332K, capacity 4564K, committed 4864K, reserved 1056768K
  class space    used 354K, capacity 388K, committed 512K, reserved 1048576K
}
Event: 5.808 GC heap before
{Heap before GC invocations=15 (full 3):
 PSYoungGen      total 347648K, used 347639K [0x00000000d6d00000, 0x00000000fe800000, 0x0000000100000000)
  eden space 155648K, 100% used [0x00000000d6d00000,0x00000000e0500000,0x00000000e0500000)
  from space 192000K, 99% used [0x00000000e0500000,0x00000000ec07dc60,0x00000000ec080000)
  to   space 224768K, 0% used [0x00000000f0c80000,0x00000000f0c80000,0x00000000fe800000)
 ParOldGen       total 461312K, used 353786K [0x0000000084600000, 0x00000000a0880000, 0x00000000d6d00000)
  object space 461312K, 76% used [0x0000000084600000,0x0000000099f7eab0,0x00000000a0880000)
 Metaspace       used 3332K, capacity 4564K, committed 4864K, reserved 1056768K
  class space    used 354K, capacity 388K, committed 512K, reserved 1048576K
Event: 6.067 GC heap after
Heap after GC invocations=15 (full 3):
 PSYoungGen      total 425472K, used 166432K [0x00000000d6d00000, 0x00000000fec80000, 0x0000000100000000)
  eden space 200704K, 0% used [0x00000000d6d00000,0x00000000d6d00000,0x00000000e3100000)
  from space 224768K, 74% used [0x00000000f0c80000,0x00000000faf08000,0x00000000fe800000)
  to   space 224768K, 0% used [0x00000000e3100000,0x00000000e3100000,0x00000000f0c80000)
 ParOldGen       total 464896K, used 463049K [0x0000000084600000, 0x00000000a0c00000, 0x00000000d6d00000)
  object space 464896K, 99% used [0x0000000084600000,0x00000000a0a32710,0x00000000a0c00000)
 Metaspace       used 3332K, capacity 4564K, committed 4864K, reserved 1056768K
  class space    used 354K, capacity 388K, committed 512K, reserved 1048576K
}
Event: 6.067 GC heap before
{Heap before GC invocations=16 (full 4):
 PSYoungGen      total 425472K, used 166432K [0x00000000d6d00000, 0x00000000fec80000, 0x0000000100000000)
  eden space 200704K, 0% used [0x00000000d6d00000,0x00000000d6d00000,0x00000000e3100000)
  from space 224768K, 74% used [0x00000000f0c80000,0x00000000faf08000,0x00000000fe800000)
  to   space 224768K, 0% used [0x00000000e3100000,0x00000000e3100000,0x00000000f0c80000)
 ParOldGen       total 464896K, used 463049K [0x0000000084600000, 0x00000000a0c00000, 0x00000000d6d00000)
  object space 464896K, 99% used [0x0000000084600000,0x00000000a0a32710,0x00000000a0c00000)
 Metaspace       used 3332K, capacity 4564K, committed 4864K, reserved 1056768K
  class space    used 354K, capacity 388K, committed 512K, reserved 1048576K
Event: 8.178 GC heap after
Heap after GC invocations=16 (full 4):
 PSYoungGen      total 425472K, used 139450K [0x00000000d6d00000, 0x00000000fec80000, 0x0000000100000000)
  eden space 200704K, 0% used [0x00000000d6d00000,0x00000000d6d00000,0x00000000e3100000)
  from space 224768K, 62% used [0x00000000f0c80000,0x00000000f94aea40,0x00000000fe800000)
  to   space 224768K, 0% used [0x00000000e3100000,0x00000000e3100000,0x00000000f0c80000)
 ParOldGen       total 723968K, used 464403K [0x0000000084600000, 0x00000000b0900000, 0x00000000d6d00000)
  object space 723968K, 64% used [0x0000000084600000,0x00000000a0b84ea0,0x00000000b0900000)
 Metaspace       used 3332K, capacity 4564K, committed 4864K, reserved 1056768K
  class space    used 354K, capacity 388K, committed 512K, reserved 1048576K
}
Event: 8.324 GC heap before
{Heap before GC invocations=17 (full 4):
 PSYoungGen      total 425472K, used 340154K [0x00000000d6d00000, 0x00000000fec80000, 0x0000000100000000)
  eden space 200704K, 100% used [0x00000000d6d00000,0x00000000e3100000,0x00000000e3100000)
  from space 224768K, 62% used [0x00000000f0c80000,0x00000000f94aea40,0x00000000fe800000)
  to   space 224768K, 0% used [0x00000000e3100000,0x00000000e3100000,0x00000000f0c80000)
 ParOldGen       total 723968K, used 464403K [0x0000000084600000, 0x00000000b0900000, 0x00000000d6d00000)
  object space 723968K, 64% used [0x0000000084600000,0x00000000a0b84ea0,0x00000000b0900000)
 Metaspace       used 3332K, capacity 4564K, committed 4864K, reserved 1056768K
  class space    used 354K, capacity 388K, committed 512K, reserved 1048576K
Event: 8.650 GC heap after
Heap after GC invocations=17 (full 4):
 PSYoungGen      total 425472K, used 132482K [0x00000000d6d00000, 0x0000000100000000, 0x0000000100000000)
  eden space 200704K, 0% used [0x00000000d6d00000,0x00000000d6d00000,0x00000000e3100000)
  from space 224768K, 58% used [0x00000000e3100000,0x00000000eb260a88,0x00000000f0c80000)
  to   space 224768K, 0% used [0x00000000f2480000,0x00000000f2480000,0x0000000100000000)
 ParOldGen       total 723968K, used 604963K [0x0000000084600000, 0x00000000b0900000, 0x00000000d6d00000)
  object space 723968K, 83% used [0x0000000084600000,0x00000000a94c8ea0,0x00000000b0900000)
 Metaspace       used 3332K, capacity 4564K, committed 4864K, reserved 1056768K
  class space    used 354K, capacity 388K, committed 512K, reserved 1048576K
}
Event: 8.650 GC heap before
{Heap before GC invocations=18 (full 5):
 PSYoungGen      total 425472K, used 132482K [0x00000000d6d00000, 0x0000000100000000, 0x0000000100000000)
  eden space 200704K, 0% used [0x00000000d6d00000,0x00000000d6d00000,0x00000000e3100000)
  from space 224768K, 58% used [0x00000000e3100000,0x00000000eb260a88,0x00000000f0c80000)
  to   space 224768K, 0% used [0x00000000f2480000,0x00000000f2480000,0x0000000100000000)
 ParOldGen       total 723968K, used 604963K [0x0000000084600000, 0x00000000b0900000, 0x00000000d6d00000)
  object space 723968K, 83% used [0x0000000084600000,0x00000000a94c8ea0,0x00000000b0900000)
 Metaspace       used 3332K, capacity 4564K, committed 4864K, reserved 1056768K
  class space    used 354K, capacity 388K, committed 512K, reserved 1048576K

