# JRE version: OpenJDK Runtime Environment (8.0_152-b01) (build 1.8.0_152-release-1248-b01)
# Java VM: OpenJDK 64-Bit Server VM (25.152-b01 mixed mode linux-amd64 compressed oops)
Heap:
 PSYoungGen      total 424960K, used 92219K [0x00000000d6d00000, 0x00000000ff000000, 0x0000000100000000)
  eden space 200192K, 0% used [0x00000000d6d00000,0x00000000d6d00000,0x00000000e3080000)
  from space 224768K, 41% used [0x00000000f0c00000,0x00000000f660ed40,0x00000000fe780000)
  to   space 224768K, 0% used [0x00000000e3080000,0x00000000e3080000,0x00000000f0c00000)
 ParOldGen       total 521216K, used 521163K [0x0000000084600000, 0x00000000a4300000, 0x00000000d6d00000)
  object space 521216K, 99% used [0x0000000084600000,0x00000000a42f2d20,0x00000000a4300000)
 Metaspace       used 3330K, capacity 4564K, committed 4864K, reserved 1056768K
  class space    used 354K, capacity 388K, committed 512K, reserved 1048576K
GC Heap History (10 events):
Event: 2.182 GC heap after
Heap after GC invocations=11 (full 2):
 PSYoungGen      total 281088K, used 150500K [0x00000000d6d00000, 0x00000000f8a00000, 0x0000000100000000)
  eden space 130560K, 0% used [0x00000000d6d00000,0x00000000d6d00000,0x00000000dec80000)
  from space 150528K, 99% used [0x00000000dec80000,0x00000000e7f792f0,0x00000000e7f80000)
  to   space 192000K, 0% used [0x00000000ece80000,0x00000000ece80000,0x00000000f8a00000)
 ParOldGen       total 282112K, used 257269K [0x0000000084600000, 0x0000000095980000, 0x00000000d6d00000)
  object space 282112K, 91% used [0x0000000084600000,0x000000009413d7e0,0x0000000095980000)
 Metaspace       used 3330K, capacity 4564K, committed 4864K, reserved 1056768K
  class space    used 354K, capacity 388K, committed 512K, reserved 1048576K
}
Event: 2.182 GC heap before
{Heap before GC invocations=12 (full 3):
 PSYoungGen      total 281088K, used 150500K [0x00000000d6d00000, 0x00000000f8a00000, 0x0000000100000000)
  eden space 130560K, 0% used [0x00000000d6d00000,0x00000000d6d00000,0x00000000dec80000)
  from space 150528K, 99% used [0x00000000dec80000,0x00000000e7f792f0,0x00000000e7f80000)
  to   space 192000K, 0% used [0x00000000ece80000,0x00000000ece80000,0x00000000f8a00000)
 ParOldGen       total 282112K, used 257269K [0x0000000084600000, 0x0000000095980000, 0x00000000d6d00000)
  object space 282112K, 91% used [0x0000000084600000,0x000000009413d7e0,0x0000000095980000)
 Metaspace       used 3330K, capacity 4564K, committed 4864K, reserved 1056768K
  class space    used 354K, capacity 388K, committed 512K, reserved 1048576K
Event: 3.058 GC heap after
Heap after GC invocations=12 (full 3):
 PSYoungGen      total 281088K, used 113925K [0x00000000d6d00000, 0x00000000f8a00000, 0x0000000100000000)
  eden space 130560K, 0% used [0x00000000d6d00000,0x00000000d6d00000,0x00000000dec80000)
  from space 150528K, 75% used [0x00000000dec80000,0x00000000e5bc16c0,0x00000000e7f80000)
  to   space 192000K, 0% used [0x00000000ece80000,0x00000000ece80000,0x00000000f8a00000)
 ParOldGen       total 456192K, used 281964K [0x0000000084600000, 0x00000000a0380000, 0x00000000d6d00000)
  object space 456192K, 61% used [0x0000000084600000,0x000000009595b288,0x00000000a0380000)
 Metaspace       used 3330K, capacity 4564K, committed 4864K, reserved 1056768K
  class space    used 354K, capacity 388K, committed 512K, reserved 1048576K
}
Event: 3.092 GC heap before
{Heap before GC invocations=13 (full 3):
 PSYoungGen      total 281088K, used 244485K [0x00000000d6d00000, 0x00000000f8a00000, 0x0000000100000000)
  eden space 130560K, 100% used [0x00000000d6d00000,0x00000000dec80000,0x00000000dec80000)
  from space 150528K, 75% used [0x00000000dec80000,0x00000000e5bc16c0,0x00000000e7f80000)
  to   space 192000K, 0% used [0x00000000ece80000,0x00000000ece80000,0x00000000f8a00000)
 ParOldGen       total 456192K, used 281964K [0x0000000084600000, 0x00000000a0380000, 0x00000000d6d00000)
  object space 456192K, 61% used [0x0000000084600000,0x000000009595b288,0x00000000a0380000)
 Metaspace       used 3330K, capacity 4564K, committed 4864K, reserved 1056768K
  class space    used 354K, capacity 388K, committed 512K, reserved 1048576K
Event: 3.224 GC heap after
Heap after GC invocations=13 (full 3):
 PSYoungGen      total 348672K, used 144087K [0x00000000d6d00000, 0x00000000f9c80000, 0x0000000100000000)
  eden space 156672K, 0% used [0x00000000d6d00000,0x00000000d6d00000,0x00000000e0600000)
  from space 192000K, 75% used [0x00000000ece80000,0x00000000f5b35c60,0x00000000f8a00000)
  to   space 205312K, 0% used [0x00000000e0600000,0x00000000e0600000,0x00000000ece80000)
 ParOldGen       total 456192K, used 339012K [0x0000000084600000, 0x00000000a0380000, 0x00000000d6d00000)
  object space 456192K, 74% used [0x0000000084600000,0x0000000099111288,0x00000000a0380000)
 Metaspace       used 3330K, capacity 4564K, committed 4864K, reserved 1056768K
  class space    used 354K, capacity 388K, committed 512K, reserved 1048576K
}
Event: 3.273 GC heap before
{Heap before GC invocations=14 (full 3):
 PSYoungGen      total 348672K, used 300759K [0x00000000d6d00000, 0x00000000f9c80000, 0x0000000100000000)
  eden space 156672K, 100% used [0x00000000d6d00000,0x00000000e0600000,0x00000000e0600000)
  from space 192000K, 75% used [0x00000000ece80000,0x00000000f5b35c60,0x00000000f8a00000)
  to   space 205312K, 0% used [0x00000000e0600000,0x00000000e0600000,0x00000000ece80000)
 ParOldGen       total 456192K, used 339012K [0x0000000084600000, 0x00000000a0380000, 0x00000000d6d00000)
  object space 456192K, 74% used [0x0000000084600000,0x0000000099111288,0x00000000a0380000)
 Metaspace       used 3330K, capacity 4564K, committed 4864K, reserved 1056768K
  class space    used 354K, capacity 388K, committed 512K, reserved 1048576K
Event: 3.357 GC heap after
Heap after GC invocations=14 (full 3):
 PSYoungGen      total 361984K, used 205303K [0x00000000d6d00000, 0x00000000fe780000, 0x0000000100000000)
  eden space 156672K, 0% used [0x00000000d6d00000,0x00000000d6d00000,0x00000000e0600000)
  from space 205312K, 99% used [0x00000000e0600000,0x00000000ece7dc60,0x00000000ece80000)
  to   space 224768K, 0% used [0x00000000f0c00000,0x00000000f0c00000,0x00000000fe780000)
 ParOldGen       total 456192K, used 361580K [0x0000000084600000, 0x00000000a0380000, 0x00000000d6d00000)
  object space 456192K, 79% used [0x0000000084600000,0x000000009a71b288,0x00000000a0380000)
 Metaspace       used 3330K, capacity 4564K, committed 4864K, reserved 1056768K
  class space    used 354K, capacity 388K, committed 512K, reserved 1048576K
}
Event: 3.399 GC heap before
{Heap before GC invocations=15 (full 3):
 PSYoungGen      total 361984K, used 340003K [0x00000000d6d00000, 0x00000000fe780000, 0x0000000100000000)
  eden space 156672K, 85% used [0x00000000d6d00000,0x00000000df08afa8,0x00000000e0600000)
  from space 205312K, 99% used [0x00000000e0600000,0x00000000ece7dc60,0x00000000ece80000)
  to   space 224768K, 0% used [0x00000000f0c00000,0x00000000f0c00000,0x00000000fe780000)
 ParOldGen       total 456192K, used 361580K [0x0000000084600000, 0x00000000a0380000, 0x00000000d6d00000)
  object space 456192K, 79% used [0x0000000084600000,0x000000009a71b288,0x00000000a0380000)
 Metaspace       used 3330K, capacity 4564K, committed 4864K, reserved 1056768K
  class space    used 354K, capacity 388K, committed 512K, reserved 1048576K
Event: 3.592 GC heap after
Heap after GC invocations=15 (full 3):
 PSYoungGen      total 424960K, used 155456K [0x00000000d6d00000, 0x00000000ff000000, 0x0000000100000000)
  eden space 200192K, 0% used [0x00000000d6d00000,0x00000000d6d00000,0x00000000e3080000)
  from space 224768K, 69% used [0x00000000f0c00000,0x00000000fa3d0000,0x00000000fe780000)
  to   space 224768K, 0% used [0x00000000e3080000,0x00000000e3080000,0x00000000f0c00000)
 ParOldGen       total 521216K, used 519746K [0x0000000084600000, 0x00000000a4300000, 0x00000000d6d00000)
  object space 521216K, 99% used [0x0000000084600000,0x00000000a4190b48,0x00000000a4300000)
 Metaspace       used 3330K, capacity 4564K, committed 4864K, reserved 1056768K
  class space    used 354K, capacity 388K, committed 512K, reserved 1048576K
}
Event: 3.592 GC heap before
{Heap before GC invocations=16 (full 4):
 PSYoungGen      total 424960K, used 155456K [0x00000000d6d00000, 0x00000000ff000000, 0x0000000100000000)
  eden space 200192K, 0% used [0x00000000d6d00000,0x00000000d6d00000,0x00000000e3080000)
  from space 224768K, 69% used [0x00000000f0c00000,0x00000000fa3d0000,0x00000000fe780000)
  to   space 224768K, 0% used [0x00000000e3080000,0x00000000e3080000,0x00000000f0c00000)
 ParOldGen       total 521216K, used 519746K [0x0000000084600000, 0x00000000a4300000, 0x00000000d6d00000)
  object space 521216K, 99% used [0x0000000084600000,0x00000000a4190b48,0x00000000a4300000)
 Metaspace       used 3330K, capacity 4564K, committed 4864K, reserved 1056768K
  class space    used 354K, capacity 388K, committed 512K, reserved 1048576K

