# JRE version: OpenJDK Runtime Environment (8.0_152-b01) (build 1.8.0_152-release-1248-b01)
# Java VM: OpenJDK 64-Bit Server VM (25.152-b01 mixed mode linux-amd64 compressed oops)
Heap:
 PSYoungGen      total 425472K, used 0K [0x00000000d6d00000, 0x0000000100000000, 0x0000000100000000)
  eden space 200704K, 0% used [0x00000000d6d00000,0x00000000d6d00000,0x00000000e3100000)
  from space 224768K, 0% used [0x00000000e3100000,0x00000000e3100000,0x00000000f0c80000)
  to   space 224768K, 0% used [0x00000000f2480000,0x00000000f2480000,0x0000000100000000)
 ParOldGen       total 715264K, used 700327K [0x0000000084600000, 0x00000000b0080000, 0x00000000d6d00000)
  object space 715264K, 97% used [0x0000000084600000,0x00000000af1e9cc0,0x00000000b0080000)
 Metaspace       used 3337K, capacity 4564K, committed 4864K, reserved 1056768K
  class space    used 354K, capacity 388K, committed 512K, reserved 1048576K
GC Heap History (10 events):
Event: 2.468 GC heap after
Heap after GC invocations=13 (full 3):
 PSYoungGen      total 349696K, used 123639K [0x00000000d6d00000, 0x00000000f8a80000, 0x0000000100000000)
  eden space 156160K, 0% used [0x00000000d6d00000,0x00000000d6d00000,0x00000000e0580000)
  from space 193536K, 63% used [0x00000000ec900000,0x00000000f41bdc60,0x00000000f8600000)
  to   space 199168K, 0% used [0x00000000e0580000,0x00000000e0580000,0x00000000ec800000)
 ParOldGen       total 448000K, used 338657K [0x0000000084600000, 0x000000009fb80000, 0x00000000d6d00000)
  object space 448000K, 75% used [0x0000000084600000,0x00000000990b8728,0x000000009fb80000)
 Metaspace       used 3337K, capacity 4564K, committed 4864K, reserved 1056768K
  class space    used 354K, capacity 388K, committed 512K, reserved 1048576K
}
Event: 2.516 GC heap before
{Heap before GC invocations=14 (full 3):
 PSYoungGen      total 349696K, used 279799K [0x00000000d6d00000, 0x00000000f8a80000, 0x0000000100000000)
  eden space 156160K, 100% used [0x00000000d6d00000,0x00000000e0580000,0x00000000e0580000)
  from space 193536K, 63% used [0x00000000ec900000,0x00000000f41bdc60,0x00000000f8600000)
  to   space 199168K, 0% used [0x00000000e0580000,0x00000000e0580000,0x00000000ec800000)
 ParOldGen       total 448000K, used 338657K [0x0000000084600000, 0x000000009fb80000, 0x00000000d6d00000)
  object space 448000K, 75% used [0x0000000084600000,0x00000000990b8728,0x000000009fb80000)
 Metaspace       used 3337K, capacity 4564K, committed 4864K, reserved 1056768K
  class space    used 354K, capacity 388K, committed 512K, reserved 1048576K
Event: 2.591 GC heap after
Heap after GC invocations=14 (full 3):
 PSYoungGen      total 355328K, used 199159K [0x00000000d6d00000, 0x00000000fe800000, 0x0000000100000000)
  eden space 156160K, 0% used [0x00000000d6d00000,0x00000000d6d00000,0x00000000e0580000)
  from space 199168K, 99% used [0x00000000e0580000,0x00000000ec7fdc60,0x00000000ec800000)
  to   space 224768K, 0% used [0x00000000f0c80000,0x00000000f0c80000,0x00000000fe800000)
 ParOldGen       total 448000K, used 346585K [0x0000000084600000, 0x000000009fb80000, 0x00000000d6d00000)
  object space 448000K, 77% used [0x0000000084600000,0x0000000099876728,0x000000009fb80000)
 Metaspace       used 3337K, capacity 4564K, committed 4864K, reserved 1056768K
  class space    used 354K, capacity 388K, committed 512K, reserved 1048576K
}
Event: 2.637 GC heap before
{Heap before GC invocations=15 (full 3):
 PSYoungGen      total 355328K, used 355319K [0x00000000d6d00000, 0x00000000fe800000, 0x0000000100000000)
  eden space 156160K, 100% used [0x00000000d6d00000,0x00000000e0580000,0x00000000e0580000)
  from space 199168K, 99% used [0x00000000e0580000,0x00000000ec7fdc60,0x00000000ec800000)
  to   space 224768K, 0% used [0x00000000f0c80000,0x00000000f0c80000,0x00000000fe800000)
 ParOldGen       total 448000K, used 346585K [0x0000000084600000, 0x000000009fb80000, 0x00000000d6d00000)
  object space 448000K, 77% used [0x0000000084600000,0x0000000099876728,0x000000009fb80000)
 Metaspace       used 3337K, capacity 4564K, committed 4864K, reserved 1056768K
  class space    used 354K, capacity 388K, committed 512K, reserved 1048576K
Event: 2.836 GC heap after
Heap after GC invocations=15 (full 3):
 PSYoungGen      total 425472K, used 166944K [0x00000000d6d00000, 0x00000000ff000000, 0x0000000100000000)
  eden space 200704K, 0% used [0x00000000d6d00000,0x00000000d6d00000,0x00000000e3100000)
  from space 224768K, 74% used [0x00000000f0c80000,0x00000000faf88000,0x00000000fe800000)
  to   space 224768K, 0% used [0x00000000e3100000,0x00000000e3100000,0x00000000f0c80000)
 ParOldGen       total 463872K, used 462784K [0x0000000084600000, 0x00000000a0b00000, 0x00000000d6d00000)
  object space 463872K, 99% used [0x0000000084600000,0x00000000a09f0388,0x00000000a0b00000)
 Metaspace       used 3337K, capacity 4564K, committed 4864K, reserved 1056768K
  class space    used 354K, capacity 388K, committed 512K, reserved 1048576K
}
Event: 2.836 GC heap before
{Heap before GC invocations=16 (full 4):
 PSYoungGen      total 425472K, used 166944K [0x00000000d6d00000, 0x00000000ff000000, 0x0000000100000000)
  eden space 200704K, 0% used [0x00000000d6d00000,0x00000000d6d00000,0x00000000e3100000)
  from space 224768K, 74% used [0x00000000f0c80000,0x00000000faf88000,0x00000000fe800000)
  to   space 224768K, 0% used [0x00000000e3100000,0x00000000e3100000,0x00000000f0c80000)
 ParOldGen       total 463872K, used 462784K [0x0000000084600000, 0x00000000a0b00000, 0x00000000d6d00000)
  object space 463872K, 99% used [0x0000000084600000,0x00000000a09f0388,0x00000000a0b00000)
 Metaspace       used 3337K, capacity 4564K, committed 4864K, reserved 1056768K
  class space    used 354K, capacity 388K, committed 512K, reserved 1048576K
Event: 4.043 GC heap after
Heap after GC invocations=16 (full 4):
 PSYoungGen      total 425472K, used 140507K [0x00000000d6d00000, 0x00000000ff000000, 0x0000000100000000)
  eden space 200704K, 0% used [0x00000000d6d00000,0x00000000d6d00000,0x00000000e3100000)
  from space 224768K, 62% used [0x00000000f0c80000,0x00000000f95b6fc0,0x00000000fe800000)
  to   space 224768K, 0% used [0x00000000e3100000,0x00000000e3100000,0x00000000f0c80000)
 ParOldGen       total 715264K, used 463594K [0x0000000084600000, 0x00000000b0080000, 0x00000000d6d00000)
  object space 715264K, 64% used [0x0000000084600000,0x00000000a0aba918,0x00000000b0080000)
 Metaspace       used 3337K, capacity 4564K, committed 4864K, reserved 1056768K
  class space    used 354K, capacity 388K, committed 512K, reserved 1048576K
}
Event: 4.094 GC heap before
{Heap before GC invocations=17 (full 4):
 PSYoungGen      total 425472K, used 341211K [0x00000000d6d00000, 0x00000000ff000000, 0x0000000100000000)
  eden space 200704K, 100% used [0x00000000d6d00000,0x00000000e3100000,0x00000000e3100000)
  from space 224768K, 62% used [0x00000000f0c80000,0x00000000f95b6fc0,0x00000000fe800000)
  to   space 224768K, 0% used [0x00000000e3100000,0x00000000e3100000,0x00000000f0c80000)
 ParOldGen       total 715264K, used 463594K [0x0000000084600000, 0x00000000b0080000, 0x00000000d6d00000)
  object space 715264K, 64% used [0x0000000084600000,0x00000000a0aba918,0x00000000b0080000)
 Metaspace       used 3337K, capacity 4564K, committed 4864K, reserved 1056768K
  class space    used 354K, capacity 388K, committed 512K, reserved 1048576K
Event: 4.317 GC heap after
Heap after GC invocations=17 (full 4):
 PSYoungGen      total 425472K, used 132514K [0x00000000d6d00000, 0x0000000100000000, 0x0000000100000000)
  eden space 200704K, 0% used [0x00000000d6d00000,0x00000000d6d00000,0x00000000e3100000)
  from space 224768K, 58% used [0x00000000e3100000,0x00000000eb268a88,0x00000000f0c80000)
  to   space 224768K, 0% used [0x00000000f2480000,0x00000000f2480000,0x0000000100000000)
 ParOldGen       total 715264K, used 605218K [0x0000000084600000, 0x00000000b0080000, 0x00000000d6d00000)
  object space 715264K, 84% used [0x0000000084600000,0x00000000a9508918,0x00000000b0080000)
 Metaspace       used 3337K, capacity 4564K, committed 4864K, reserved 1056768K
  class space    used 354K, capacity 388K, committed 512K, reserved 1048576K
}
Event: 4.317 GC heap before
{Heap before GC invocations=18 (full 5):
 PSYoungGen      total 425472K, used 132514K [0x00000000d6d00000, 0x0000000100000000, 0x0000000100000000)
  eden space 200704K, 0% used [0x00000000d6d00000,0x00000000d6d00000,0x00000000e3100000)
  from space 224768K, 58% used [0x00000000e3100000,0x00000000eb268a88,0x00000000f0c80000)
  to   space 224768K, 0% used [0x00000000f2480000,0x00000000f2480000,0x0000000100000000)
 ParOldGen       total 715264K, used 605218K [0x0000000084600000, 0x00000000b0080000, 0x00000000d6d00000)
  object space 715264K, 84% used [0x0000000084600000,0x00000000a9508918,0x00000000b0080000)
 Metaspace       used 3337K, capacity 4564K, committed 4864K, reserved 1056768K
  class space    used 354K, capacity 388K, committed 512K, reserved 1048576K

